<?xml version="1.0" encoding="UTF-8"?>
<testsuite errors="0" failures="0" name="Tax calculation Feature" tests="1" time="0.055000">
<testcase classname="Tax calculation Feature.Tax calculation Scenario" name="Tax calculation Scenario" time="0.055000">
</testcase>
</testsuite>
